ARM GAS  C:\Users\JOELCH~1\AppData\Local\Temp\ccbKL6DI.s 			page 1


   1              		.cpu cortex-m0
   2              		.arch armv6s-m
   3              		.fpu softvfp
   4              		.eabi_attribute 20, 1
   5              		.eabi_attribute 21, 1
   6              		.eabi_attribute 23, 3
   7              		.eabi_attribute 24, 1
   8              		.eabi_attribute 25, 1
   9              		.eabi_attribute 26, 1
  10              		.eabi_attribute 30, 1
  11              		.eabi_attribute 34, 0
  12              		.eabi_attribute 18, 4
  13              		.file	"main.c"
  14              		.text
  15              	.Ltext0:
  16              		.cfi_sections	.debug_frame
  17              		.section	.text.MX_GPIO_Init,"ax",%progbits
  18              		.align	1
  19              		.syntax unified
  20              		.code	16
  21              		.thumb_func
  23              	MX_GPIO_Init:
  24              	.LFB42:
  25              		.file 1 "Src/main.c"
   1:Src/main.c    **** /* USER CODE BEGIN Header */
   2:Src/main.c    **** /**
   3:Src/main.c    ****   ******************************************************************************
   4:Src/main.c    ****   * @file           : main.c
   5:Src/main.c    ****   * @brief          : Main program body
   6:Src/main.c    ****   ******************************************************************************
   7:Src/main.c    ****   * @attention
   8:Src/main.c    ****   *
   9:Src/main.c    ****   * Copyright (c) 2022 STMicroelectronics.
  10:Src/main.c    ****   * All rights reserved.
  11:Src/main.c    ****   *
  12:Src/main.c    ****   * This software is licensed under terms that can be found in the LICENSE file
  13:Src/main.c    ****   * in the root directory of this software component.
  14:Src/main.c    ****   * If no LICENSE file comes with this software, it is provided AS-IS.
  15:Src/main.c    ****   *
  16:Src/main.c    ****   ******************************************************************************
  17:Src/main.c    ****   */
  18:Src/main.c    **** /* USER CODE END Header */
  19:Src/main.c    **** /* Includes ------------------------------------------------------------------*/
  20:Src/main.c    **** #include "main.h"
  21:Src/main.c    **** 
  22:Src/main.c    **** /* Private includes ----------------------------------------------------------*/
  23:Src/main.c    **** /* USER CODE BEGIN Includes */
  24:Src/main.c    **** 
  25:Src/main.c    **** /* USER CODE END Includes */
  26:Src/main.c    **** 
  27:Src/main.c    **** /* Private typedef -----------------------------------------------------------*/
  28:Src/main.c    **** /* USER CODE BEGIN PTD */
  29:Src/main.c    **** 
  30:Src/main.c    **** /* USER CODE END PTD */
  31:Src/main.c    **** 
  32:Src/main.c    **** /* Private define ------------------------------------------------------------*/
  33:Src/main.c    **** /* USER CODE BEGIN PD */
ARM GAS  C:\Users\JOELCH~1\AppData\Local\Temp\ccbKL6DI.s 			page 2


  34:Src/main.c    **** /* USER CODE END PD */
  35:Src/main.c    **** 
  36:Src/main.c    **** /* Private macro -------------------------------------------------------------*/
  37:Src/main.c    **** /* USER CODE BEGIN PM */
  38:Src/main.c    **** 
  39:Src/main.c    **** /* USER CODE END PM */
  40:Src/main.c    **** 
  41:Src/main.c    **** /* Private variables ---------------------------------------------------------*/
  42:Src/main.c    **** 
  43:Src/main.c    **** /* USER CODE BEGIN PV */
  44:Src/main.c    **** 
  45:Src/main.c    **** /* USER CODE END PV */
  46:Src/main.c    **** 
  47:Src/main.c    **** /* Private function prototypes -----------------------------------------------*/
  48:Src/main.c    **** void SystemClock_Config(void);
  49:Src/main.c    **** static void MX_GPIO_Init(void);
  50:Src/main.c    **** /* USER CODE BEGIN PFP */
  51:Src/main.c    **** 
  52:Src/main.c    **** /* USER CODE END PFP */
  53:Src/main.c    **** 
  54:Src/main.c    **** /* Private user code ---------------------------------------------------------*/
  55:Src/main.c    **** /* USER CODE BEGIN 0 */
  56:Src/main.c    **** 
  57:Src/main.c    **** /* USER CODE END 0 */
  58:Src/main.c    **** 
  59:Src/main.c    **** /**
  60:Src/main.c    ****   * @brief  The application entry point.
  61:Src/main.c    ****   * @retval int
  62:Src/main.c    ****   */
  63:Src/main.c    **** int main(void)
  64:Src/main.c    **** {
  65:Src/main.c    ****   /* USER CODE BEGIN 1 */
  66:Src/main.c    **** 
  67:Src/main.c    ****   /* USER CODE END 1 */
  68:Src/main.c    **** 
  69:Src/main.c    ****   /* MCU Configuration--------------------------------------------------------*/
  70:Src/main.c    **** 
  71:Src/main.c    ****   /* Reset of all peripherals, Initializes the Flash interface and the Systick. */
  72:Src/main.c    ****   HAL_Init();
  73:Src/main.c    **** 
  74:Src/main.c    ****   /* USER CODE BEGIN Init */
  75:Src/main.c    **** 
  76:Src/main.c    ****   /* USER CODE END Init */
  77:Src/main.c    **** 
  78:Src/main.c    ****   /* Configure the system clock */
  79:Src/main.c    ****   SystemClock_Config();
  80:Src/main.c    **** 
  81:Src/main.c    ****   /* USER CODE BEGIN SysInit */
  82:Src/main.c    **** 
  83:Src/main.c    ****   /* USER CODE END SysInit */
  84:Src/main.c    **** 
  85:Src/main.c    ****   /* Initialize all configured peripherals */
  86:Src/main.c    ****   MX_GPIO_Init();
  87:Src/main.c    ****   /* USER CODE BEGIN 2 */
  88:Src/main.c    **** 
  89:Src/main.c    ****   /* USER CODE END 2 */
  90:Src/main.c    **** 
ARM GAS  C:\Users\JOELCH~1\AppData\Local\Temp\ccbKL6DI.s 			page 3


  91:Src/main.c    ****   /* Infinite loop */
  92:Src/main.c    ****   /* USER CODE BEGIN WHILE */
  93:Src/main.c    ****   while (1)
  94:Src/main.c    ****   {
  95:Src/main.c    ****     /* USER CODE END WHILE */
  96:Src/main.c    **** 
  97:Src/main.c    ****     /* USER CODE BEGIN 3 */
  98:Src/main.c    ****   }
  99:Src/main.c    ****   /* USER CODE END 3 */
 100:Src/main.c    **** }
 101:Src/main.c    **** 
 102:Src/main.c    **** /**
 103:Src/main.c    ****   * @brief System Clock Configuration
 104:Src/main.c    ****   * @retval None
 105:Src/main.c    ****   */
 106:Src/main.c    **** void SystemClock_Config(void)
 107:Src/main.c    **** {
 108:Src/main.c    ****   RCC_OscInitTypeDef RCC_OscInitStruct = {0};
 109:Src/main.c    ****   RCC_ClkInitTypeDef RCC_ClkInitStruct = {0};
 110:Src/main.c    **** 
 111:Src/main.c    ****   /** Initializes the RCC Oscillators according to the specified parameters
 112:Src/main.c    ****   * in the RCC_OscInitTypeDef structure.
 113:Src/main.c    ****   */
 114:Src/main.c    ****   RCC_OscInitStruct.OscillatorType = RCC_OSCILLATORTYPE_HSI;
 115:Src/main.c    ****   RCC_OscInitStruct.HSIState = RCC_HSI_ON;
 116:Src/main.c    ****   RCC_OscInitStruct.HSICalibrationValue = RCC_HSICALIBRATION_DEFAULT;
 117:Src/main.c    ****   RCC_OscInitStruct.PLL.PLLState = RCC_PLL_ON;
 118:Src/main.c    ****   RCC_OscInitStruct.PLL.PLLSource = RCC_PLLSOURCE_HSI;
 119:Src/main.c    ****   RCC_OscInitStruct.PLL.PLLMUL = RCC_PLL_MUL12;
 120:Src/main.c    ****   RCC_OscInitStruct.PLL.PREDIV = RCC_PREDIV_DIV1;
 121:Src/main.c    ****   if (HAL_RCC_OscConfig(&RCC_OscInitStruct) != HAL_OK)
 122:Src/main.c    ****   {
 123:Src/main.c    ****     Error_Handler();
 124:Src/main.c    ****   }
 125:Src/main.c    **** 
 126:Src/main.c    ****   /** Initializes the CPU, AHB and APB buses clocks
 127:Src/main.c    ****   */
 128:Src/main.c    ****   RCC_ClkInitStruct.ClockType = RCC_CLOCKTYPE_HCLK|RCC_CLOCKTYPE_SYSCLK
 129:Src/main.c    ****                               |RCC_CLOCKTYPE_PCLK1;
 130:Src/main.c    ****   RCC_ClkInitStruct.SYSCLKSource = RCC_SYSCLKSOURCE_PLLCLK;
 131:Src/main.c    ****   RCC_ClkInitStruct.AHBCLKDivider = RCC_SYSCLK_DIV1;
 132:Src/main.c    ****   RCC_ClkInitStruct.APB1CLKDivider = RCC_HCLK_DIV1;
 133:Src/main.c    **** 
 134:Src/main.c    ****   if (HAL_RCC_ClockConfig(&RCC_ClkInitStruct, FLASH_LATENCY_1) != HAL_OK)
 135:Src/main.c    ****   {
 136:Src/main.c    ****     Error_Handler();
 137:Src/main.c    ****   }
 138:Src/main.c    **** }
 139:Src/main.c    **** 
 140:Src/main.c    **** /**
 141:Src/main.c    ****   * @brief GPIO Initialization Function
 142:Src/main.c    ****   * @param None
 143:Src/main.c    ****   * @retval None
 144:Src/main.c    ****   */
 145:Src/main.c    **** static void MX_GPIO_Init(void)
 146:Src/main.c    **** {
  26              		.loc 1 146 1 view -0
ARM GAS  C:\Users\JOELCH~1\AppData\Local\Temp\ccbKL6DI.s 			page 4


  27              		.cfi_startproc
  28              		@ args = 0, pretend = 0, frame = 32
  29              		@ frame_needed = 0, uses_anonymous_args = 0
  30 0000 70B5     		push	{r4, r5, r6, lr}
  31              	.LCFI0:
  32              		.cfi_def_cfa_offset 16
  33              		.cfi_offset 4, -16
  34              		.cfi_offset 5, -12
  35              		.cfi_offset 6, -8
  36              		.cfi_offset 14, -4
  37 0002 88B0     		sub	sp, sp, #32
  38              	.LCFI1:
  39              		.cfi_def_cfa_offset 48
 147:Src/main.c    ****   GPIO_InitTypeDef GPIO_InitStruct = {0};
  40              		.loc 1 147 3 view .LVU1
  41              		.loc 1 147 20 is_stmt 0 view .LVU2
  42 0004 1422     		movs	r2, #20
  43 0006 0021     		movs	r1, #0
  44 0008 03A8     		add	r0, sp, #12
  45 000a FFF7FEFF 		bl	memset
  46              	.LVL0:
 148:Src/main.c    **** 
 149:Src/main.c    ****   /* GPIO Ports Clock Enable */
 150:Src/main.c    ****   __HAL_RCC_GPIOC_CLK_ENABLE();
  47              		.loc 1 150 3 is_stmt 1 view .LVU3
  48              	.LBB4:
  49              		.loc 1 150 3 view .LVU4
  50              		.loc 1 150 3 view .LVU5
  51 000e 234B     		ldr	r3, .L2
  52 0010 5A69     		ldr	r2, [r3, #20]
  53 0012 8021     		movs	r1, #128
  54 0014 0903     		lsls	r1, r1, #12
  55 0016 0A43     		orrs	r2, r1
  56 0018 5A61     		str	r2, [r3, #20]
  57              		.loc 1 150 3 view .LVU6
  58 001a 5A69     		ldr	r2, [r3, #20]
  59 001c 0A40     		ands	r2, r1
  60 001e 0092     		str	r2, [sp]
  61              		.loc 1 150 3 view .LVU7
  62 0020 009A     		ldr	r2, [sp]
  63              	.LBE4:
  64              		.loc 1 150 3 view .LVU8
 151:Src/main.c    ****   __HAL_RCC_GPIOF_CLK_ENABLE();
  65              		.loc 1 151 3 view .LVU9
  66              	.LBB5:
  67              		.loc 1 151 3 view .LVU10
  68              		.loc 1 151 3 view .LVU11
  69 0022 5A69     		ldr	r2, [r3, #20]
  70 0024 8021     		movs	r1, #128
  71 0026 C903     		lsls	r1, r1, #15
  72 0028 0A43     		orrs	r2, r1
  73 002a 5A61     		str	r2, [r3, #20]
  74              		.loc 1 151 3 view .LVU12
  75 002c 5A69     		ldr	r2, [r3, #20]
  76 002e 0A40     		ands	r2, r1
  77 0030 0192     		str	r2, [sp, #4]
  78              		.loc 1 151 3 view .LVU13
ARM GAS  C:\Users\JOELCH~1\AppData\Local\Temp\ccbKL6DI.s 			page 5


  79 0032 019A     		ldr	r2, [sp, #4]
  80              	.LBE5:
  81              		.loc 1 151 3 view .LVU14
 152:Src/main.c    ****   __HAL_RCC_GPIOA_CLK_ENABLE();
  82              		.loc 1 152 3 view .LVU15
  83              	.LBB6:
  84              		.loc 1 152 3 view .LVU16
  85              		.loc 1 152 3 view .LVU17
  86 0034 5A69     		ldr	r2, [r3, #20]
  87 0036 8021     		movs	r1, #128
  88 0038 8902     		lsls	r1, r1, #10
  89 003a 0A43     		orrs	r2, r1
  90 003c 5A61     		str	r2, [r3, #20]
  91              		.loc 1 152 3 view .LVU18
  92 003e 5B69     		ldr	r3, [r3, #20]
  93 0040 0B40     		ands	r3, r1
  94 0042 0293     		str	r3, [sp, #8]
  95              		.loc 1 152 3 view .LVU19
  96 0044 029B     		ldr	r3, [sp, #8]
  97              	.LBE6:
  98              		.loc 1 152 3 view .LVU20
 153:Src/main.c    **** 
 154:Src/main.c    ****   /*Configure GPIO pin Output Level */
 155:Src/main.c    ****   HAL_GPIO_WritePin(LD2_GPIO_Port, LD2_Pin, GPIO_PIN_RESET);
  99              		.loc 1 155 3 view .LVU21
 100 0046 9025     		movs	r5, #144
 101 0048 ED05     		lsls	r5, r5, #23
 102 004a 0022     		movs	r2, #0
 103 004c 2021     		movs	r1, #32
 104 004e 2800     		movs	r0, r5
 105 0050 FFF7FEFF 		bl	HAL_GPIO_WritePin
 106              	.LVL1:
 156:Src/main.c    **** 
 157:Src/main.c    ****   /*Configure GPIO pin : B1_Pin */
 158:Src/main.c    ****   GPIO_InitStruct.Pin = B1_Pin;
 107              		.loc 1 158 3 view .LVU22
 108              		.loc 1 158 23 is_stmt 0 view .LVU23
 109 0054 8023     		movs	r3, #128
 110 0056 9B01     		lsls	r3, r3, #6
 111 0058 0393     		str	r3, [sp, #12]
 159:Src/main.c    ****   GPIO_InitStruct.Mode = GPIO_MODE_IT_FALLING;
 112              		.loc 1 159 3 is_stmt 1 view .LVU24
 113              		.loc 1 159 24 is_stmt 0 view .LVU25
 114 005a 8423     		movs	r3, #132
 115 005c 9B03     		lsls	r3, r3, #14
 116 005e 0493     		str	r3, [sp, #16]
 160:Src/main.c    ****   GPIO_InitStruct.Pull = GPIO_NOPULL;
 117              		.loc 1 160 3 is_stmt 1 view .LVU26
 118              		.loc 1 160 24 is_stmt 0 view .LVU27
 119 0060 0024     		movs	r4, #0
 120 0062 0594     		str	r4, [sp, #20]
 161:Src/main.c    ****   HAL_GPIO_Init(B1_GPIO_Port, &GPIO_InitStruct);
 121              		.loc 1 161 3 is_stmt 1 view .LVU28
 122 0064 03A9     		add	r1, sp, #12
 123 0066 0E48     		ldr	r0, .L2+4
 124 0068 FFF7FEFF 		bl	HAL_GPIO_Init
 125              	.LVL2:
ARM GAS  C:\Users\JOELCH~1\AppData\Local\Temp\ccbKL6DI.s 			page 6


 162:Src/main.c    **** 
 163:Src/main.c    ****   /*Configure GPIO pins : USART_TX_Pin USART_RX_Pin */
 164:Src/main.c    ****   GPIO_InitStruct.Pin = USART_TX_Pin|USART_RX_Pin;
 126              		.loc 1 164 3 view .LVU29
 127              		.loc 1 164 23 is_stmt 0 view .LVU30
 128 006c 0C23     		movs	r3, #12
 129 006e 0393     		str	r3, [sp, #12]
 165:Src/main.c    ****   GPIO_InitStruct.Mode = GPIO_MODE_AF_PP;
 130              		.loc 1 165 3 is_stmt 1 view .LVU31
 131              		.loc 1 165 24 is_stmt 0 view .LVU32
 132 0070 0A3B     		subs	r3, r3, #10
 133 0072 0493     		str	r3, [sp, #16]
 166:Src/main.c    ****   GPIO_InitStruct.Pull = GPIO_NOPULL;
 134              		.loc 1 166 3 is_stmt 1 view .LVU33
 135              		.loc 1 166 24 is_stmt 0 view .LVU34
 136 0074 0594     		str	r4, [sp, #20]
 167:Src/main.c    ****   GPIO_InitStruct.Speed = GPIO_SPEED_FREQ_LOW;
 137              		.loc 1 167 3 is_stmt 1 view .LVU35
 138              		.loc 1 167 25 is_stmt 0 view .LVU36
 139 0076 0694     		str	r4, [sp, #24]
 168:Src/main.c    ****   GPIO_InitStruct.Alternate = GPIO_AF1_USART2;
 140              		.loc 1 168 3 is_stmt 1 view .LVU37
 141              		.loc 1 168 29 is_stmt 0 view .LVU38
 142 0078 0126     		movs	r6, #1
 143 007a 0796     		str	r6, [sp, #28]
 169:Src/main.c    ****   HAL_GPIO_Init(GPIOA, &GPIO_InitStruct);
 144              		.loc 1 169 3 is_stmt 1 view .LVU39
 145 007c 03A9     		add	r1, sp, #12
 146 007e 2800     		movs	r0, r5
 147 0080 FFF7FEFF 		bl	HAL_GPIO_Init
 148              	.LVL3:
 170:Src/main.c    **** 
 171:Src/main.c    ****   /*Configure GPIO pin : LD2_Pin */
 172:Src/main.c    ****   GPIO_InitStruct.Pin = LD2_Pin;
 149              		.loc 1 172 3 view .LVU40
 150              		.loc 1 172 23 is_stmt 0 view .LVU41
 151 0084 2023     		movs	r3, #32
 152 0086 0393     		str	r3, [sp, #12]
 173:Src/main.c    ****   GPIO_InitStruct.Mode = GPIO_MODE_OUTPUT_PP;
 153              		.loc 1 173 3 is_stmt 1 view .LVU42
 154              		.loc 1 173 24 is_stmt 0 view .LVU43
 155 0088 0496     		str	r6, [sp, #16]
 174:Src/main.c    ****   GPIO_InitStruct.Pull = GPIO_NOPULL;
 156              		.loc 1 174 3 is_stmt 1 view .LVU44
 157              		.loc 1 174 24 is_stmt 0 view .LVU45
 158 008a 0594     		str	r4, [sp, #20]
 175:Src/main.c    ****   GPIO_InitStruct.Speed = GPIO_SPEED_FREQ_LOW;
 159              		.loc 1 175 3 is_stmt 1 view .LVU46
 160              		.loc 1 175 25 is_stmt 0 view .LVU47
 161 008c 0694     		str	r4, [sp, #24]
 176:Src/main.c    ****   HAL_GPIO_Init(LD2_GPIO_Port, &GPIO_InitStruct);
 162              		.loc 1 176 3 is_stmt 1 view .LVU48
 163 008e 03A9     		add	r1, sp, #12
 164 0090 2800     		movs	r0, r5
 165 0092 FFF7FEFF 		bl	HAL_GPIO_Init
 166              	.LVL4:
 177:Src/main.c    **** 
ARM GAS  C:\Users\JOELCH~1\AppData\Local\Temp\ccbKL6DI.s 			page 7


 178:Src/main.c    **** }
 167              		.loc 1 178 1 is_stmt 0 view .LVU49
 168 0096 08B0     		add	sp, sp, #32
 169              		@ sp needed
 170 0098 70BD     		pop	{r4, r5, r6, pc}
 171              	.L3:
 172 009a C046     		.align	2
 173              	.L2:
 174 009c 00100240 		.word	1073876992
 175 00a0 00080048 		.word	1207961600
 176              		.cfi_endproc
 177              	.LFE42:
 179              		.section	.text.Error_Handler,"ax",%progbits
 180              		.align	1
 181              		.global	Error_Handler
 182              		.syntax unified
 183              		.code	16
 184              		.thumb_func
 186              	Error_Handler:
 187              	.LFB43:
 179:Src/main.c    **** 
 180:Src/main.c    **** /* USER CODE BEGIN 4 */
 181:Src/main.c    **** 
 182:Src/main.c    **** /* USER CODE END 4 */
 183:Src/main.c    **** 
 184:Src/main.c    **** /**
 185:Src/main.c    ****   * @brief  This function is executed in case of error occurrence.
 186:Src/main.c    ****   * @retval None
 187:Src/main.c    ****   */
 188:Src/main.c    **** void Error_Handler(void)
 189:Src/main.c    **** {
 188              		.loc 1 189 1 is_stmt 1 view -0
 189              		.cfi_startproc
 190              		@ Volatile: function does not return.
 191              		@ args = 0, pretend = 0, frame = 0
 192              		@ frame_needed = 0, uses_anonymous_args = 0
 193              		@ link register save eliminated.
 190:Src/main.c    ****   /* USER CODE BEGIN Error_Handler_Debug */
 191:Src/main.c    ****   /* User can add his own implementation to report the HAL error return state */
 192:Src/main.c    ****   __disable_irq();
 194              		.loc 1 192 3 view .LVU51
 195              	.LBB7:
 196              	.LBI7:
 197              		.file 2 "Drivers/CMSIS/Include/cmsis_gcc.h"
   1:Drivers/CMSIS/Include/cmsis_gcc.h **** /**************************************************************************//**
   2:Drivers/CMSIS/Include/cmsis_gcc.h ****  * @file     cmsis_gcc.h
   3:Drivers/CMSIS/Include/cmsis_gcc.h ****  * @brief    CMSIS compiler GCC header file
   4:Drivers/CMSIS/Include/cmsis_gcc.h ****  * @version  V5.0.4
   5:Drivers/CMSIS/Include/cmsis_gcc.h ****  * @date     09. April 2018
   6:Drivers/CMSIS/Include/cmsis_gcc.h ****  ******************************************************************************/
   7:Drivers/CMSIS/Include/cmsis_gcc.h **** /*
   8:Drivers/CMSIS/Include/cmsis_gcc.h ****  * Copyright (c) 2009-2018 Arm Limited. All rights reserved.
   9:Drivers/CMSIS/Include/cmsis_gcc.h ****  *
  10:Drivers/CMSIS/Include/cmsis_gcc.h ****  * SPDX-License-Identifier: Apache-2.0
  11:Drivers/CMSIS/Include/cmsis_gcc.h ****  *
  12:Drivers/CMSIS/Include/cmsis_gcc.h ****  * Licensed under the Apache License, Version 2.0 (the License); you may
  13:Drivers/CMSIS/Include/cmsis_gcc.h ****  * not use this file except in compliance with the License.
ARM GAS  C:\Users\JOELCH~1\AppData\Local\Temp\ccbKL6DI.s 			page 8


  14:Drivers/CMSIS/Include/cmsis_gcc.h ****  * You may obtain a copy of the License at
  15:Drivers/CMSIS/Include/cmsis_gcc.h ****  *
  16:Drivers/CMSIS/Include/cmsis_gcc.h ****  * www.apache.org/licenses/LICENSE-2.0
  17:Drivers/CMSIS/Include/cmsis_gcc.h ****  *
  18:Drivers/CMSIS/Include/cmsis_gcc.h ****  * Unless required by applicable law or agreed to in writing, software
  19:Drivers/CMSIS/Include/cmsis_gcc.h ****  * distributed under the License is distributed on an AS IS BASIS, WITHOUT
  20:Drivers/CMSIS/Include/cmsis_gcc.h ****  * WARRANTIES OR CONDITIONS OF ANY KIND, either express or implied.
  21:Drivers/CMSIS/Include/cmsis_gcc.h ****  * See the License for the specific language governing permissions and
  22:Drivers/CMSIS/Include/cmsis_gcc.h ****  * limitations under the License.
  23:Drivers/CMSIS/Include/cmsis_gcc.h ****  */
  24:Drivers/CMSIS/Include/cmsis_gcc.h **** 
  25:Drivers/CMSIS/Include/cmsis_gcc.h **** #ifndef __CMSIS_GCC_H
  26:Drivers/CMSIS/Include/cmsis_gcc.h **** #define __CMSIS_GCC_H
  27:Drivers/CMSIS/Include/cmsis_gcc.h **** 
  28:Drivers/CMSIS/Include/cmsis_gcc.h **** /* ignore some GCC warnings */
  29:Drivers/CMSIS/Include/cmsis_gcc.h **** #pragma GCC diagnostic push
  30:Drivers/CMSIS/Include/cmsis_gcc.h **** #pragma GCC diagnostic ignored "-Wsign-conversion"
  31:Drivers/CMSIS/Include/cmsis_gcc.h **** #pragma GCC diagnostic ignored "-Wconversion"
  32:Drivers/CMSIS/Include/cmsis_gcc.h **** #pragma GCC diagnostic ignored "-Wunused-parameter"
  33:Drivers/CMSIS/Include/cmsis_gcc.h **** 
  34:Drivers/CMSIS/Include/cmsis_gcc.h **** /* Fallback for __has_builtin */
  35:Drivers/CMSIS/Include/cmsis_gcc.h **** #ifndef __has_builtin
  36:Drivers/CMSIS/Include/cmsis_gcc.h ****   #define __has_builtin(x) (0)
  37:Drivers/CMSIS/Include/cmsis_gcc.h **** #endif
  38:Drivers/CMSIS/Include/cmsis_gcc.h **** 
  39:Drivers/CMSIS/Include/cmsis_gcc.h **** /* CMSIS compiler specific defines */
  40:Drivers/CMSIS/Include/cmsis_gcc.h **** #ifndef   __ASM
  41:Drivers/CMSIS/Include/cmsis_gcc.h ****   #define __ASM                                  __asm
  42:Drivers/CMSIS/Include/cmsis_gcc.h **** #endif
  43:Drivers/CMSIS/Include/cmsis_gcc.h **** #ifndef   __INLINE
  44:Drivers/CMSIS/Include/cmsis_gcc.h ****   #define __INLINE                               inline
  45:Drivers/CMSIS/Include/cmsis_gcc.h **** #endif
  46:Drivers/CMSIS/Include/cmsis_gcc.h **** #ifndef   __STATIC_INLINE
  47:Drivers/CMSIS/Include/cmsis_gcc.h ****   #define __STATIC_INLINE                        static inline
  48:Drivers/CMSIS/Include/cmsis_gcc.h **** #endif
  49:Drivers/CMSIS/Include/cmsis_gcc.h **** #ifndef   __STATIC_FORCEINLINE                 
  50:Drivers/CMSIS/Include/cmsis_gcc.h ****   #define __STATIC_FORCEINLINE                   __attribute__((always_inline)) static inline
  51:Drivers/CMSIS/Include/cmsis_gcc.h **** #endif                                           
  52:Drivers/CMSIS/Include/cmsis_gcc.h **** #ifndef   __NO_RETURN
  53:Drivers/CMSIS/Include/cmsis_gcc.h ****   #define __NO_RETURN                            __attribute__((__noreturn__))
  54:Drivers/CMSIS/Include/cmsis_gcc.h **** #endif
  55:Drivers/CMSIS/Include/cmsis_gcc.h **** #ifndef   __USED
  56:Drivers/CMSIS/Include/cmsis_gcc.h ****   #define __USED                                 __attribute__((used))
  57:Drivers/CMSIS/Include/cmsis_gcc.h **** #endif
  58:Drivers/CMSIS/Include/cmsis_gcc.h **** #ifndef   __WEAK
  59:Drivers/CMSIS/Include/cmsis_gcc.h ****   #define __WEAK                                 __attribute__((weak))
  60:Drivers/CMSIS/Include/cmsis_gcc.h **** #endif
  61:Drivers/CMSIS/Include/cmsis_gcc.h **** #ifndef   __PACKED
  62:Drivers/CMSIS/Include/cmsis_gcc.h ****   #define __PACKED                               __attribute__((packed, aligned(1)))
  63:Drivers/CMSIS/Include/cmsis_gcc.h **** #endif
  64:Drivers/CMSIS/Include/cmsis_gcc.h **** #ifndef   __PACKED_STRUCT
  65:Drivers/CMSIS/Include/cmsis_gcc.h ****   #define __PACKED_STRUCT                        struct __attribute__((packed, aligned(1)))
  66:Drivers/CMSIS/Include/cmsis_gcc.h **** #endif
  67:Drivers/CMSIS/Include/cmsis_gcc.h **** #ifndef   __PACKED_UNION
  68:Drivers/CMSIS/Include/cmsis_gcc.h ****   #define __PACKED_UNION                         union __attribute__((packed, aligned(1)))
  69:Drivers/CMSIS/Include/cmsis_gcc.h **** #endif
  70:Drivers/CMSIS/Include/cmsis_gcc.h **** #ifndef   __UNALIGNED_UINT32        /* deprecated */
ARM GAS  C:\Users\JOELCH~1\AppData\Local\Temp\ccbKL6DI.s 			page 9


  71:Drivers/CMSIS/Include/cmsis_gcc.h ****   #pragma GCC diagnostic push
  72:Drivers/CMSIS/Include/cmsis_gcc.h ****   #pragma GCC diagnostic ignored "-Wpacked"
  73:Drivers/CMSIS/Include/cmsis_gcc.h ****   #pragma GCC diagnostic ignored "-Wattributes"
  74:Drivers/CMSIS/Include/cmsis_gcc.h ****   struct __attribute__((packed)) T_UINT32 { uint32_t v; };
  75:Drivers/CMSIS/Include/cmsis_gcc.h ****   #pragma GCC diagnostic pop
  76:Drivers/CMSIS/Include/cmsis_gcc.h ****   #define __UNALIGNED_UINT32(x)                  (((struct T_UINT32 *)(x))->v)
  77:Drivers/CMSIS/Include/cmsis_gcc.h **** #endif
  78:Drivers/CMSIS/Include/cmsis_gcc.h **** #ifndef   __UNALIGNED_UINT16_WRITE
  79:Drivers/CMSIS/Include/cmsis_gcc.h ****   #pragma GCC diagnostic push
  80:Drivers/CMSIS/Include/cmsis_gcc.h ****   #pragma GCC diagnostic ignored "-Wpacked"
  81:Drivers/CMSIS/Include/cmsis_gcc.h ****   #pragma GCC diagnostic ignored "-Wattributes"
  82:Drivers/CMSIS/Include/cmsis_gcc.h ****   __PACKED_STRUCT T_UINT16_WRITE { uint16_t v; };
  83:Drivers/CMSIS/Include/cmsis_gcc.h ****   #pragma GCC diagnostic pop
  84:Drivers/CMSIS/Include/cmsis_gcc.h ****   #define __UNALIGNED_UINT16_WRITE(addr, val)    (void)((((struct T_UINT16_WRITE *)(void *)(addr))-
  85:Drivers/CMSIS/Include/cmsis_gcc.h **** #endif
  86:Drivers/CMSIS/Include/cmsis_gcc.h **** #ifndef   __UNALIGNED_UINT16_READ
  87:Drivers/CMSIS/Include/cmsis_gcc.h ****   #pragma GCC diagnostic push
  88:Drivers/CMSIS/Include/cmsis_gcc.h ****   #pragma GCC diagnostic ignored "-Wpacked"
  89:Drivers/CMSIS/Include/cmsis_gcc.h ****   #pragma GCC diagnostic ignored "-Wattributes"
  90:Drivers/CMSIS/Include/cmsis_gcc.h ****   __PACKED_STRUCT T_UINT16_READ { uint16_t v; };
  91:Drivers/CMSIS/Include/cmsis_gcc.h ****   #pragma GCC diagnostic pop
  92:Drivers/CMSIS/Include/cmsis_gcc.h ****   #define __UNALIGNED_UINT16_READ(addr)          (((const struct T_UINT16_READ *)(const void *)(add
  93:Drivers/CMSIS/Include/cmsis_gcc.h **** #endif
  94:Drivers/CMSIS/Include/cmsis_gcc.h **** #ifndef   __UNALIGNED_UINT32_WRITE
  95:Drivers/CMSIS/Include/cmsis_gcc.h ****   #pragma GCC diagnostic push
  96:Drivers/CMSIS/Include/cmsis_gcc.h ****   #pragma GCC diagnostic ignored "-Wpacked"
  97:Drivers/CMSIS/Include/cmsis_gcc.h ****   #pragma GCC diagnostic ignored "-Wattributes"
  98:Drivers/CMSIS/Include/cmsis_gcc.h ****   __PACKED_STRUCT T_UINT32_WRITE { uint32_t v; };
  99:Drivers/CMSIS/Include/cmsis_gcc.h ****   #pragma GCC diagnostic pop
 100:Drivers/CMSIS/Include/cmsis_gcc.h ****   #define __UNALIGNED_UINT32_WRITE(addr, val)    (void)((((struct T_UINT32_WRITE *)(void *)(addr))-
 101:Drivers/CMSIS/Include/cmsis_gcc.h **** #endif
 102:Drivers/CMSIS/Include/cmsis_gcc.h **** #ifndef   __UNALIGNED_UINT32_READ
 103:Drivers/CMSIS/Include/cmsis_gcc.h ****   #pragma GCC diagnostic push
 104:Drivers/CMSIS/Include/cmsis_gcc.h ****   #pragma GCC diagnostic ignored "-Wpacked"
 105:Drivers/CMSIS/Include/cmsis_gcc.h ****   #pragma GCC diagnostic ignored "-Wattributes"
 106:Drivers/CMSIS/Include/cmsis_gcc.h ****   __PACKED_STRUCT T_UINT32_READ { uint32_t v; };
 107:Drivers/CMSIS/Include/cmsis_gcc.h ****   #pragma GCC diagnostic pop
 108:Drivers/CMSIS/Include/cmsis_gcc.h ****   #define __UNALIGNED_UINT32_READ(addr)          (((const struct T_UINT32_READ *)(const void *)(add
 109:Drivers/CMSIS/Include/cmsis_gcc.h **** #endif
 110:Drivers/CMSIS/Include/cmsis_gcc.h **** #ifndef   __ALIGNED
 111:Drivers/CMSIS/Include/cmsis_gcc.h ****   #define __ALIGNED(x)                           __attribute__((aligned(x)))
 112:Drivers/CMSIS/Include/cmsis_gcc.h **** #endif
 113:Drivers/CMSIS/Include/cmsis_gcc.h **** #ifndef   __RESTRICT
 114:Drivers/CMSIS/Include/cmsis_gcc.h ****   #define __RESTRICT                             __restrict
 115:Drivers/CMSIS/Include/cmsis_gcc.h **** #endif
 116:Drivers/CMSIS/Include/cmsis_gcc.h **** 
 117:Drivers/CMSIS/Include/cmsis_gcc.h **** 
 118:Drivers/CMSIS/Include/cmsis_gcc.h **** /* ###########################  Core Function Access  ########################### */
 119:Drivers/CMSIS/Include/cmsis_gcc.h **** /** \ingroup  CMSIS_Core_FunctionInterface
 120:Drivers/CMSIS/Include/cmsis_gcc.h ****     \defgroup CMSIS_Core_RegAccFunctions CMSIS Core Register Access Functions
 121:Drivers/CMSIS/Include/cmsis_gcc.h ****   @{
 122:Drivers/CMSIS/Include/cmsis_gcc.h ****  */
 123:Drivers/CMSIS/Include/cmsis_gcc.h **** 
 124:Drivers/CMSIS/Include/cmsis_gcc.h **** /**
 125:Drivers/CMSIS/Include/cmsis_gcc.h ****   \brief   Enable IRQ Interrupts
 126:Drivers/CMSIS/Include/cmsis_gcc.h ****   \details Enables IRQ interrupts by clearing the I-bit in the CPSR.
 127:Drivers/CMSIS/Include/cmsis_gcc.h ****            Can only be executed in Privileged modes.
ARM GAS  C:\Users\JOELCH~1\AppData\Local\Temp\ccbKL6DI.s 			page 10


 128:Drivers/CMSIS/Include/cmsis_gcc.h ****  */
 129:Drivers/CMSIS/Include/cmsis_gcc.h **** __STATIC_FORCEINLINE void __enable_irq(void)
 130:Drivers/CMSIS/Include/cmsis_gcc.h **** {
 131:Drivers/CMSIS/Include/cmsis_gcc.h ****   __ASM volatile ("cpsie i" : : : "memory");
 132:Drivers/CMSIS/Include/cmsis_gcc.h **** }
 133:Drivers/CMSIS/Include/cmsis_gcc.h **** 
 134:Drivers/CMSIS/Include/cmsis_gcc.h **** 
 135:Drivers/CMSIS/Include/cmsis_gcc.h **** /**
 136:Drivers/CMSIS/Include/cmsis_gcc.h ****   \brief   Disable IRQ Interrupts
 137:Drivers/CMSIS/Include/cmsis_gcc.h ****   \details Disables IRQ interrupts by setting the I-bit in the CPSR.
 138:Drivers/CMSIS/Include/cmsis_gcc.h ****            Can only be executed in Privileged modes.
 139:Drivers/CMSIS/Include/cmsis_gcc.h ****  */
 140:Drivers/CMSIS/Include/cmsis_gcc.h **** __STATIC_FORCEINLINE void __disable_irq(void)
 198              		.loc 2 140 27 view .LVU52
 199              	.LBB8:
 141:Drivers/CMSIS/Include/cmsis_gcc.h **** {
 142:Drivers/CMSIS/Include/cmsis_gcc.h ****   __ASM volatile ("cpsid i" : : : "memory");
 200              		.loc 2 142 3 view .LVU53
 201              		.syntax divided
 202              	@ 142 "Drivers/CMSIS/Include/cmsis_gcc.h" 1
 203 0000 72B6     		cpsid i
 204              	@ 0 "" 2
 205              		.thumb
 206              		.syntax unified
 207              	.L5:
 208              	.LBE8:
 209              	.LBE7:
 193:Src/main.c    ****   while (1)
 210              		.loc 1 193 3 discriminator 1 view .LVU54
 194:Src/main.c    ****   {
 195:Src/main.c    ****   }
 211              		.loc 1 195 3 discriminator 1 view .LVU55
 193:Src/main.c    ****   while (1)
 212              		.loc 1 193 9 discriminator 1 view .LVU56
 213 0002 FEE7     		b	.L5
 214              		.cfi_endproc
 215              	.LFE43:
 217              		.section	.text.SystemClock_Config,"ax",%progbits
 218              		.align	1
 219              		.global	SystemClock_Config
 220              		.syntax unified
 221              		.code	16
 222              		.thumb_func
 224              	SystemClock_Config:
 225              	.LFB41:
 107:Src/main.c    ****   RCC_OscInitTypeDef RCC_OscInitStruct = {0};
 226              		.loc 1 107 1 view -0
 227              		.cfi_startproc
 228              		@ args = 0, pretend = 0, frame = 64
 229              		@ frame_needed = 0, uses_anonymous_args = 0
 230 0000 00B5     		push	{lr}
 231              	.LCFI2:
 232              		.cfi_def_cfa_offset 4
 233              		.cfi_offset 14, -4
 234 0002 91B0     		sub	sp, sp, #68
 235              	.LCFI3:
 236              		.cfi_def_cfa_offset 72
ARM GAS  C:\Users\JOELCH~1\AppData\Local\Temp\ccbKL6DI.s 			page 11


 108:Src/main.c    ****   RCC_ClkInitTypeDef RCC_ClkInitStruct = {0};
 237              		.loc 1 108 3 view .LVU58
 108:Src/main.c    ****   RCC_ClkInitTypeDef RCC_ClkInitStruct = {0};
 238              		.loc 1 108 22 is_stmt 0 view .LVU59
 239 0004 3022     		movs	r2, #48
 240 0006 0021     		movs	r1, #0
 241 0008 04A8     		add	r0, sp, #16
 242 000a FFF7FEFF 		bl	memset
 243              	.LVL5:
 109:Src/main.c    **** 
 244              		.loc 1 109 3 is_stmt 1 view .LVU60
 109:Src/main.c    **** 
 245              		.loc 1 109 22 is_stmt 0 view .LVU61
 246 000e 1022     		movs	r2, #16
 247 0010 0021     		movs	r1, #0
 248 0012 6846     		mov	r0, sp
 249 0014 FFF7FEFF 		bl	memset
 250              	.LVL6:
 114:Src/main.c    ****   RCC_OscInitStruct.HSIState = RCC_HSI_ON;
 251              		.loc 1 114 3 is_stmt 1 view .LVU62
 114:Src/main.c    ****   RCC_OscInitStruct.HSIState = RCC_HSI_ON;
 252              		.loc 1 114 36 is_stmt 0 view .LVU63
 253 0018 0223     		movs	r3, #2
 254 001a 0493     		str	r3, [sp, #16]
 115:Src/main.c    ****   RCC_OscInitStruct.HSICalibrationValue = RCC_HSICALIBRATION_DEFAULT;
 255              		.loc 1 115 3 is_stmt 1 view .LVU64
 115:Src/main.c    ****   RCC_OscInitStruct.HSICalibrationValue = RCC_HSICALIBRATION_DEFAULT;
 256              		.loc 1 115 30 is_stmt 0 view .LVU65
 257 001c 0122     		movs	r2, #1
 258 001e 0792     		str	r2, [sp, #28]
 116:Src/main.c    ****   RCC_OscInitStruct.PLL.PLLState = RCC_PLL_ON;
 259              		.loc 1 116 3 is_stmt 1 view .LVU66
 116:Src/main.c    ****   RCC_OscInitStruct.PLL.PLLState = RCC_PLL_ON;
 260              		.loc 1 116 41 is_stmt 0 view .LVU67
 261 0020 0F32     		adds	r2, r2, #15
 262 0022 0892     		str	r2, [sp, #32]
 117:Src/main.c    ****   RCC_OscInitStruct.PLL.PLLSource = RCC_PLLSOURCE_HSI;
 263              		.loc 1 117 3 is_stmt 1 view .LVU68
 117:Src/main.c    ****   RCC_OscInitStruct.PLL.PLLSource = RCC_PLLSOURCE_HSI;
 264              		.loc 1 117 34 is_stmt 0 view .LVU69
 265 0024 0C93     		str	r3, [sp, #48]
 118:Src/main.c    ****   RCC_OscInitStruct.PLL.PLLMUL = RCC_PLL_MUL12;
 266              		.loc 1 118 3 is_stmt 1 view .LVU70
 119:Src/main.c    ****   RCC_OscInitStruct.PLL.PREDIV = RCC_PREDIV_DIV1;
 267              		.loc 1 119 3 view .LVU71
 119:Src/main.c    ****   RCC_OscInitStruct.PLL.PREDIV = RCC_PREDIV_DIV1;
 268              		.loc 1 119 32 is_stmt 0 view .LVU72
 269 0026 A023     		movs	r3, #160
 270 0028 9B03     		lsls	r3, r3, #14
 271 002a 0E93     		str	r3, [sp, #56]
 120:Src/main.c    ****   if (HAL_RCC_OscConfig(&RCC_OscInitStruct) != HAL_OK)
 272              		.loc 1 120 3 is_stmt 1 view .LVU73
 121:Src/main.c    ****   {
 273              		.loc 1 121 3 view .LVU74
 121:Src/main.c    ****   {
 274              		.loc 1 121 7 is_stmt 0 view .LVU75
 275 002c 04A8     		add	r0, sp, #16
ARM GAS  C:\Users\JOELCH~1\AppData\Local\Temp\ccbKL6DI.s 			page 12


 276 002e FFF7FEFF 		bl	HAL_RCC_OscConfig
 277              	.LVL7:
 121:Src/main.c    ****   {
 278              		.loc 1 121 6 view .LVU76
 279 0032 0028     		cmp	r0, #0
 280 0034 0ED1     		bne	.L9
 128:Src/main.c    ****                               |RCC_CLOCKTYPE_PCLK1;
 281              		.loc 1 128 3 is_stmt 1 view .LVU77
 128:Src/main.c    ****                               |RCC_CLOCKTYPE_PCLK1;
 282              		.loc 1 128 31 is_stmt 0 view .LVU78
 283 0036 0723     		movs	r3, #7
 284 0038 0093     		str	r3, [sp]
 130:Src/main.c    ****   RCC_ClkInitStruct.AHBCLKDivider = RCC_SYSCLK_DIV1;
 285              		.loc 1 130 3 is_stmt 1 view .LVU79
 130:Src/main.c    ****   RCC_ClkInitStruct.AHBCLKDivider = RCC_SYSCLK_DIV1;
 286              		.loc 1 130 34 is_stmt 0 view .LVU80
 287 003a 053B     		subs	r3, r3, #5
 288 003c 0193     		str	r3, [sp, #4]
 131:Src/main.c    ****   RCC_ClkInitStruct.APB1CLKDivider = RCC_HCLK_DIV1;
 289              		.loc 1 131 3 is_stmt 1 view .LVU81
 131:Src/main.c    ****   RCC_ClkInitStruct.APB1CLKDivider = RCC_HCLK_DIV1;
 290              		.loc 1 131 35 is_stmt 0 view .LVU82
 291 003e 0023     		movs	r3, #0
 292 0040 0293     		str	r3, [sp, #8]
 132:Src/main.c    **** 
 293              		.loc 1 132 3 is_stmt 1 view .LVU83
 132:Src/main.c    **** 
 294              		.loc 1 132 36 is_stmt 0 view .LVU84
 295 0042 0393     		str	r3, [sp, #12]
 134:Src/main.c    ****   {
 296              		.loc 1 134 3 is_stmt 1 view .LVU85
 134:Src/main.c    ****   {
 297              		.loc 1 134 7 is_stmt 0 view .LVU86
 298 0044 0121     		movs	r1, #1
 299 0046 6846     		mov	r0, sp
 300 0048 FFF7FEFF 		bl	HAL_RCC_ClockConfig
 301              	.LVL8:
 134:Src/main.c    ****   {
 302              		.loc 1 134 6 view .LVU87
 303 004c 0028     		cmp	r0, #0
 304 004e 03D1     		bne	.L10
 138:Src/main.c    **** 
 305              		.loc 1 138 1 view .LVU88
 306 0050 11B0     		add	sp, sp, #68
 307              		@ sp needed
 308 0052 00BD     		pop	{pc}
 309              	.L9:
 123:Src/main.c    ****   }
 310              		.loc 1 123 5 is_stmt 1 view .LVU89
 311 0054 FFF7FEFF 		bl	Error_Handler
 312              	.LVL9:
 313              	.L10:
 136:Src/main.c    ****   }
 314              		.loc 1 136 5 view .LVU90
 315 0058 FFF7FEFF 		bl	Error_Handler
 316              	.LVL10:
 317              		.cfi_endproc
ARM GAS  C:\Users\JOELCH~1\AppData\Local\Temp\ccbKL6DI.s 			page 13


 318              	.LFE41:
 320              		.section	.text.main,"ax",%progbits
 321              		.align	1
 322              		.global	main
 323              		.syntax unified
 324              		.code	16
 325              		.thumb_func
 327              	main:
 328              	.LFB40:
  64:Src/main.c    ****   /* USER CODE BEGIN 1 */
 329              		.loc 1 64 1 view -0
 330              		.cfi_startproc
 331              		@ Volatile: function does not return.
 332              		@ args = 0, pretend = 0, frame = 0
 333              		@ frame_needed = 0, uses_anonymous_args = 0
 334 0000 10B5     		push	{r4, lr}
 335              	.LCFI4:
 336              		.cfi_def_cfa_offset 8
 337              		.cfi_offset 4, -8
 338              		.cfi_offset 14, -4
  72:Src/main.c    **** 
 339              		.loc 1 72 3 view .LVU92
 340 0002 FFF7FEFF 		bl	HAL_Init
 341              	.LVL11:
  79:Src/main.c    **** 
 342              		.loc 1 79 3 view .LVU93
 343 0006 FFF7FEFF 		bl	SystemClock_Config
 344              	.LVL12:
  86:Src/main.c    ****   /* USER CODE BEGIN 2 */
 345              		.loc 1 86 3 view .LVU94
 346 000a FFF7FEFF 		bl	MX_GPIO_Init
 347              	.LVL13:
 348              	.L12:
  93:Src/main.c    ****   {
 349              		.loc 1 93 3 discriminator 1 view .LVU95
  98:Src/main.c    ****   /* USER CODE END 3 */
 350              		.loc 1 98 3 discriminator 1 view .LVU96
  93:Src/main.c    ****   {
 351              		.loc 1 93 9 discriminator 1 view .LVU97
 352 000e FEE7     		b	.L12
 353              		.cfi_endproc
 354              	.LFE40:
 356              		.text
 357              	.Letext0:
 358              		.file 3 "c:\\program files (x86)\\arm gnu toolchain arm-none-eabi\\11.2 2022.02\\arm-none-eabi\\in
 359              		.file 4 "c:\\program files (x86)\\arm gnu toolchain arm-none-eabi\\11.2 2022.02\\arm-none-eabi\\in
 360              		.file 5 "Drivers/CMSIS/Device/ST/STM32F0xx/Include/stm32f030x8.h"
 361              		.file 6 "Drivers/STM32F0xx_HAL_Driver/Inc/stm32f0xx_hal_def.h"
 362              		.file 7 "Drivers/STM32F0xx_HAL_Driver/Inc/stm32f0xx_hal_rcc.h"
 363              		.file 8 "Drivers/STM32F0xx_HAL_Driver/Inc/stm32f0xx_hal_gpio.h"
 364              		.file 9 "Drivers/STM32F0xx_HAL_Driver/Inc/stm32f0xx_hal.h"
 365              		.file 10 "<built-in>"
ARM GAS  C:\Users\JOELCH~1\AppData\Local\Temp\ccbKL6DI.s 			page 14


DEFINED SYMBOLS
                            *ABS*:00000000 main.c
C:\Users\JOELCH~1\AppData\Local\Temp\ccbKL6DI.s:18     .text.MX_GPIO_Init:00000000 $t
C:\Users\JOELCH~1\AppData\Local\Temp\ccbKL6DI.s:23     .text.MX_GPIO_Init:00000000 MX_GPIO_Init
C:\Users\JOELCH~1\AppData\Local\Temp\ccbKL6DI.s:174    .text.MX_GPIO_Init:0000009c $d
C:\Users\JOELCH~1\AppData\Local\Temp\ccbKL6DI.s:180    .text.Error_Handler:00000000 $t
C:\Users\JOELCH~1\AppData\Local\Temp\ccbKL6DI.s:186    .text.Error_Handler:00000000 Error_Handler
C:\Users\JOELCH~1\AppData\Local\Temp\ccbKL6DI.s:218    .text.SystemClock_Config:00000000 $t
C:\Users\JOELCH~1\AppData\Local\Temp\ccbKL6DI.s:224    .text.SystemClock_Config:00000000 SystemClock_Config
C:\Users\JOELCH~1\AppData\Local\Temp\ccbKL6DI.s:321    .text.main:00000000 $t
C:\Users\JOELCH~1\AppData\Local\Temp\ccbKL6DI.s:327    .text.main:00000000 main

UNDEFINED SYMBOLS
memset
HAL_GPIO_WritePin
HAL_GPIO_Init
HAL_RCC_OscConfig
HAL_RCC_ClockConfig
HAL_Init
